750
1
28
988 993
768
145
247
255
855
248 252
202
911 919
150 155
87
211
622 628
712
241
218 234
99 105
794 796
336 341
661 668
6 15
481 492
364
81
450
231 243
928 932
227 238
685 695
378
70
154
483
109
820
795 801
178
701 710
187
550
125
951
570
4
167
799
265
516
113
287
606
13
485
596
567
23
960 967
51 54
735 749
38
101 114
521 525
318 324
539
210
245
148
411
262 269
191 200
159
370
404
546
149
532
499
723
627
203
21
860
5
652
645
856 862
407 413
224 236
94 102
320
338 343
165 171
372 382
717 726
118 126
9
22
775
441
363 371
401 409
256 263
229
576
0 10
62
3
285 291
67 76
92
244 250
208
852
162 168
18 27
750 753
415 424
204 215
454 459
270 288
219
278
127
20 32
487 494
899
414 418
416
332
387
130 138
128 133
405 410
196
436
609 619
478 484
216
160 163
468
956 961
808 817
175 185
34
571 577
475 482
936
814 828
682
182 188
653 662
600 607
98
140
8 26
524 529
615 624
463
457
408 417
708
266 273
835 840
19
298
11
511 517
281
228
328
393
225
179
195 206
861 876
504
513 522
423
756
137 146
465 470
71 80
877
260
24
761
798 805
166
296
479
50
93 96
758 762
42
276
103
286
78
442
368 375
643 657
779
995 999
55 64
730
181
254
277
361
778
340
107
212
143 147
112
383 388
807
574
508
406
446
89
300
754
926
563 568
152 156
421
376 384
968 979
176
614
7
963
824 833
711 716
527 534
490 496
630 633
157 161
528 542
44 52
458 464
858 866
707
462
129 134
688
709 715
433
41
605
964
48
906
500
647
561
272
301
488
736
601 617
183 198
744 752
982 990
789 797
469 474
365 373
921
88 95
395 402
313
472
261
924
391
908
950
397
623
502
830
594
422 432
90
314
40 49
85 91
922
729
746
153 158
344 353
721 737
827
977 984
937 945
638
120
889
316
17
991 996
632 635
738
39
29
676 684
329
347
893
626
629
543 548
100
74
14
471 476
728
533
275
497
230
124 131
77
350 359
588
997
280 290
864
339 345
947 957
108 116
327 335
386 394
612 620
169 173
714 720
209
777
812
644
309
536
63
505
302
367
873 884
189
724
201
566 572
751 759
935
72 84
667
177
292
648
509
557
573 580
923
461 466
283
732
565
83
249 257
592
43
106
16
73
743
25
602
115 119
251
663
31 46
608 618
706
836
428 443
912 927
670 675
53 57
553 564
552 562
859
579 583
669
865
654
197
581 586
59 66
785
901 904
190 199
385 390
220
745
451
731 740
117 123
803
832 838
392 398
727
613
305
56
412
584
501 512
445 452
616
75
35
358
233
447 455
311
132
334
356
933
111
774 788
697 703
289 306
713
604
480
222
514
869
355 366
815
467
903 915
585 595
352
760 769
121
136
312
61 68
943 949
45
965 974
193
994
141
122
538
214 223
304 321
164
515
434 444
267
692
765 781
377
232
317
357
351
139
802
575
970
295 307
226 237
541
942
381
848
174
704
578 582
242 246
679
819
239
60
217
37 47
972
920 930
299
934 941
420
240
825 834
672
686 698
837 853
681 689
804
872 882
896
659 664
205
374
82 86
771
560
213
597
841 847
435
268
677
2 12
438 449
851
379
303
282
348
439
813 818
786
871 881
680
590 603
430
333
319
258
491
892 898
279
973 980
456
294
800 810
790
142
362
342
284
520
867
767
369
953 958
429
846 857
939
526
554
186
757
326
687
380
530
170
486
97 104
194
425
868 879
264 271
844
823
460
784
549
323
135
850
349
389
806 816
821
535 544
678
747
440
719
962
331 337
477
559
531
507
207 221
453
702
888
843
755
184
551
547 558
493
826
33
636 651
315
506
725
907
739
274
400
293
110
489
641
992
650
396
235
519
787
322 330
448
914
959
556
431
742
473
360
763 770
253 259
634 637
658
691
875
845
569
671
776
346
540
555
325
30 36
885 897
870
733
772
874
646
610
791
591
863
642
192
792
722
978
649
655
894 902
518 523
674 683
611
741
764
955
399 403
537 545
690
660 665
589 599
718
354
905
640
890
766
831
886
811
308
498 510
842
954
986
639
849
656
621
693
887
987
58 65
883 891
144 151
587 598
931
971
696 699
913
495 503
989
427 437
910 918
734
878
829
880
809
666 673
966
983
946 952
700 705
625 631
895
944
297 310
172 180
981 985
969
593
694
854
748
780
822
975
909 916
839
948
900
917
976
925
938
998
783 793
69 79
419 426
773 782
929 940
